<?xml version="1.0" encoding="UTF-8"?>
<testsuite name="org.recap.ReCapMiddlewarePersistenceApplicationTests" tests="1" skipped="0" failures="0" errors="0" timestamp="2016-06-11T01:21:50" hostname="Peris-MacBook-Pro.local" time="0.001">
  <properties/>
  <testcase name="contextLoads" classname="org.recap.ReCapMiddlewarePersistenceApplicationTests" time="0.001"/>
  <system-out><![CDATA[21:21:48.379 [Test worker] DEBUG org.springframework.test.context.junit4.SpringJUnit4ClassRunner - SpringJUnit4ClassRunner constructor called with [class org.recap.ReCapMiddlewarePersistenceApplicationTests]
21:21:48.383 [Test worker] DEBUG org.springframework.test.context.BootstrapUtils - Instantiating CacheAwareContextLoaderDelegate from class [org.springframework.test.context.cache.DefaultCacheAwareContextLoaderDelegate]
21:21:48.386 [Test worker] DEBUG org.springframework.test.context.BootstrapUtils - Instantiating BootstrapContext using constructor [public org.springframework.test.context.support.DefaultBootstrapContext(java.lang.Class,org.springframework.test.context.CacheAwareContextLoaderDelegate)]
21:21:48.395 [Test worker] DEBUG org.springframework.test.context.BootstrapUtils - Instantiating TestContextBootstrapper for test class [org.recap.ReCapMiddlewarePersistenceApplicationTests] from class [org.springframework.test.context.web.WebTestContextBootstrapper]
21:21:48.409 [Test worker] DEBUG org.springframework.test.context.web.WebTestContextBootstrapper - Found explicit ContextLoader class [org.springframework.boot.test.SpringApplicationContextLoader] for context configuration attributes [ContextConfigurationAttributes@63b08e01 declaringClass = 'org.recap.ReCapMiddlewarePersistenceApplicationTests', classes = '{class org.recap.ReCapMiddlewarePersistenceApplication}', locations = '{}', inheritLocations = true, initializers = '{}', inheritInitializers = true, name = [null], contextLoaderClass = 'org.springframework.boot.test.SpringApplicationContextLoader']
21:21:48.414 [Test worker] DEBUG org.springframework.test.context.support.AbstractContextLoader - Did not detect default resource location for test class [org.recap.ReCapMiddlewarePersistenceApplicationTests]: class path resource [org/recap/ReCapMiddlewarePersistenceApplicationTests-context.xml] does not exist
21:21:48.414 [Test worker] DEBUG org.springframework.test.context.support.AbstractContextLoader - Did not detect default resource location for test class [org.recap.ReCapMiddlewarePersistenceApplicationTests]: class path resource [org/recap/ReCapMiddlewarePersistenceApplicationTestsContext.groovy] does not exist
21:21:48.414 [Test worker] INFO org.springframework.test.context.support.AbstractContextLoader - Could not detect default resource locations for test class [org.recap.ReCapMiddlewarePersistenceApplicationTests]: no resource found for suffixes {-context.xml, Context.groovy}.
21:21:48.416 [Test worker] DEBUG org.springframework.test.context.support.ActiveProfilesUtils - Could not find an 'annotation declaring class' for annotation type [org.springframework.test.context.ActiveProfiles] and class [org.recap.ReCapMiddlewarePersistenceApplicationTests]
21:21:48.419 [Test worker] DEBUG org.springframework.test.context.web.WebTestContextBootstrapper - @TestExecutionListeners is not present for class [org.recap.ReCapMiddlewarePersistenceApplicationTests]: using defaults.
21:21:48.424 [Test worker] INFO org.springframework.test.context.web.WebTestContextBootstrapper - Loaded default TestExecutionListener class names from location [META-INF/spring.factories]: [org.springframework.test.context.web.ServletTestExecutionListener, org.springframework.test.context.support.DirtiesContextBeforeModesTestExecutionListener, org.springframework.test.context.support.DependencyInjectionTestExecutionListener, org.springframework.test.context.support.DirtiesContextTestExecutionListener, org.springframework.test.context.transaction.TransactionalTestExecutionListener, org.springframework.test.context.jdbc.SqlScriptsTestExecutionListener]
21:21:48.430 [Test worker] INFO org.springframework.test.context.web.WebTestContextBootstrapper - Could not instantiate TestExecutionListener [org.springframework.test.context.transaction.TransactionalTestExecutionListener]. Specify custom listener classes or make the default listener classes (and their required dependencies) available. Offending class: [org/springframework/transaction/interceptor/TransactionAttributeSource]
21:21:48.433 [Test worker] INFO org.springframework.test.context.web.WebTestContextBootstrapper - Could not instantiate TestExecutionListener [org.springframework.test.context.jdbc.SqlScriptsTestExecutionListener]. Specify custom listener classes or make the default listener classes (and their required dependencies) available. Offending class: [org/springframework/transaction/interceptor/TransactionAttribute]
21:21:48.434 [Test worker] INFO org.springframework.test.context.web.WebTestContextBootstrapper - Using TestExecutionListeners: [org.springframework.test.context.web.ServletTestExecutionListener@66279a1b, org.springframework.test.context.support.DirtiesContextBeforeModesTestExecutionListener@78840bab, org.springframework.test.context.support.DependencyInjectionTestExecutionListener@2bb9fa82, org.springframework.test.context.support.DirtiesContextTestExecutionListener@398c4889]
21:21:48.436 [Test worker] DEBUG org.springframework.test.annotation.ProfileValueUtils - Retrieved @ProfileValueSourceConfiguration [null] for test class [org.recap.ReCapMiddlewarePersistenceApplicationTests]
21:21:48.437 [Test worker] DEBUG org.springframework.test.annotation.ProfileValueUtils - Retrieved ProfileValueSource type [class org.springframework.test.annotation.SystemProfileValueSource] for class [org.recap.ReCapMiddlewarePersistenceApplicationTests]
21:21:48.437 [Test worker] DEBUG org.springframework.test.annotation.ProfileValueUtils - Retrieved @ProfileValueSourceConfiguration [null] for test class [org.recap.ReCapMiddlewarePersistenceApplicationTests]
21:21:48.437 [Test worker] DEBUG org.springframework.test.annotation.ProfileValueUtils - Retrieved ProfileValueSource type [class org.springframework.test.annotation.SystemProfileValueSource] for class [org.recap.ReCapMiddlewarePersistenceApplicationTests]
21:21:48.440 [Test worker] DEBUG org.springframework.test.context.support.AbstractDirtiesContextTestExecutionListener - Before test class: context [DefaultTestContext@4607e02d testClass = ReCapMiddlewarePersistenceApplicationTests, testInstance = [null], testMethod = [null], testException = [null], mergedContextConfiguration = [WebMergedContextConfiguration@309f7008 testClass = ReCapMiddlewarePersistenceApplicationTests, locations = '{}', classes = '{class org.recap.ReCapMiddlewarePersistenceApplication}', contextInitializerClasses = '[]', activeProfiles = '{}', propertySourceLocations = '{}', propertySourceProperties = '{}', resourceBasePath = 'src/main/webapp', contextLoader = 'org.springframework.boot.test.SpringApplicationContextLoader', parent = [null]]], class annotated with @DirtiesContext [false] with mode [null].
21:21:48.441 [Test worker] DEBUG org.springframework.test.annotation.ProfileValueUtils - Retrieved @ProfileValueSourceConfiguration [null] for test class [org.recap.ReCapMiddlewarePersistenceApplicationTests]
21:21:48.441 [Test worker] DEBUG org.springframework.test.annotation.ProfileValueUtils - Retrieved ProfileValueSource type [class org.springframework.test.annotation.SystemProfileValueSource] for class [org.recap.ReCapMiddlewarePersistenceApplicationTests]
21:21:48.485 [Test worker] DEBUG org.springframework.core.env.StandardEnvironment - Adding [systemProperties] PropertySource with lowest search precedence
21:21:48.486 [Test worker] DEBUG org.springframework.core.env.StandardEnvironment - Adding [systemEnvironment] PropertySource with lowest search precedence
21:21:48.487 [Test worker] DEBUG org.springframework.core.env.StandardEnvironment - Initialized StandardEnvironment with PropertySources [systemProperties,systemEnvironment]
21:21:48.488 [Test worker] DEBUG org.springframework.core.env.StandardEnvironment - Adding [integrationTest] PropertySource with search precedence immediately lower than [systemEnvironment]

  .   ____          _            __ _ _
 /\\ / ___'_ __ _ _(_)_ __  __ _ \ \ \ \
( ( )\___ | '_ | '_| | '_ \/ _` | \ \ \ \
 \\/  ___)| |_)| | | | | || (_| |  ) ) ) )
  '  |____| .__|_| |_|_| |_\__, | / / / /
 =========|_|==============|___/=/_/_/_/
 :: Spring Boot ::        (v1.3.5.RELEASE)

2016-06-10 21:21:48.659  INFO 6488 --- [    Test worker] CapMiddlewarePersistenceApplicationTests : Starting ReCapMiddlewarePersistenceApplicationTests on Peris-MacBook-Pro.local with PID 6488 (/Users/pvsubrah/Development/IntelliJ/recap/ReCAPMiddlewarePersistence/build/classes/test started by pvsubrah in /Users/pvsubrah/Development/IntelliJ/recap/ReCAPMiddlewarePersistence)
2016-06-10 21:21:48.659  INFO 6488 --- [    Test worker] CapMiddlewarePersistenceApplicationTests : No active profile set, falling back to default profiles: default
2016-06-10 21:21:48.843  INFO 6488 --- [    Test worker] o.s.w.c.s.GenericWebApplicationContext   : Refreshing org.springframework.web.context.support.GenericWebApplicationContext@39280ff4: startup date [Fri Jun 10 21:21:48 EDT 2016]; root of context hierarchy
2016-06-10 21:21:49.424  INFO 6488 --- [    Test worker] f.a.AutowiredAnnotationBeanPostProcessor : JSR-330 'javax.inject.Inject' annotation found and supported for autowiring
2016-06-10 21:21:49.913  INFO 6488 --- [    Test worker] s.w.s.m.m.a.RequestMappingHandlerAdapter : Looking for @ControllerAdvice: org.springframework.web.context.support.GenericWebApplicationContext@39280ff4: startup date [Fri Jun 10 21:21:48 EDT 2016]; root of context hierarchy
2016-06-10 21:21:49.957  INFO 6488 --- [    Test worker] s.w.s.m.m.a.RequestMappingHandlerMapping : Mapped "{[/]}" onto public java.lang.String org.recap.IssueController.index(org.springframework.ui.Model)
2016-06-10 21:21:49.959  INFO 6488 --- [    Test worker] s.w.s.m.m.a.RequestMappingHandlerMapping : Mapped "{[/error]}" onto public org.springframework.http.ResponseEntity<java.util.Map<java.lang.String, java.lang.Object>> org.springframework.boot.autoconfigure.web.BasicErrorController.error(javax.servlet.http.HttpServletRequest)
2016-06-10 21:21:49.960  INFO 6488 --- [    Test worker] s.w.s.m.m.a.RequestMappingHandlerMapping : Mapped "{[/error],produces=[text/html]}" onto public org.springframework.web.servlet.ModelAndView org.springframework.boot.autoconfigure.web.BasicErrorController.errorHtml(javax.servlet.http.HttpServletRequest,javax.servlet.http.HttpServletResponse)
2016-06-10 21:21:49.980  INFO 6488 --- [    Test worker] o.s.w.s.handler.SimpleUrlHandlerMapping  : Mapped URL path [/webjars/**] onto handler of type [class org.springframework.web.servlet.resource.ResourceHttpRequestHandler]
2016-06-10 21:21:49.981  INFO 6488 --- [    Test worker] o.s.w.s.handler.SimpleUrlHandlerMapping  : Mapped URL path [/**] onto handler of type [class org.springframework.web.servlet.resource.ResourceHttpRequestHandler]
2016-06-10 21:21:50.004  INFO 6488 --- [    Test worker] o.s.w.s.handler.SimpleUrlHandlerMapping  : Mapped URL path [/**/favicon.ico] onto handler of type [class org.springframework.web.servlet.resource.ResourceHttpRequestHandler]
2016-06-10 21:21:50.300  INFO 6488 --- [    Test worker] CapMiddlewarePersistenceApplicationTests : Started ReCapMiddlewarePersistenceApplicationTests in 1.806 seconds (JVM running for 2.344)
]]></system-out>
  <system-err><![CDATA[]]></system-err>
</testsuite>
